#
# There is insufficient memory for the Java Runtime Environment to continue.
# Native memory allocation (malloc) failed to allocate 1048576 bytes for AllocateHeap
# Possible reasons:
#   The system is out of physical RAM or swap space
#   The process is running with CompressedOops enabled, and the Java Heap may be blocking the growth of the native heap
# Possible solutions:
#   Reduce memory load on the system
#   Increase physical memory or swap space
#   Check if swap backing store is full
#   Decrease Java heap size (-Xmx/-Xms)
#   Decrease number of Java threads
#   Decrease Java thread stack sizes (-Xss)
#   Set larger code cache with -XX:ReservedCodeCacheSize=
# This output file may be truncated or incomplete.
#
#  Out of Memory Error (t:/workspace/open/src/hotspot/share/memory/allocation.cpp:46), pid=896, tid=9984
#
# JRE version:  (11.0.2+9) (build )
# Java VM: OpenJDK 64-Bit Server VM (11.0.2+9, mixed mode, aot, sharing, tiered, compressed oops, g1 gc, windows-amd64)
# No core dump will be written. Minidumps are not enabled by default on client versions of Windows
#

---------------  S U M M A R Y ------------

Command Line: org.jetbrains.kotlin.cli.jvm.K2JVMCompiler @D:\ReactNative\Lab\AwesomeProject\node_modules\react-native-screens\android\build\20230923_16430241845389634650.compiler.options

Host: Intel(R) Core(TM) i5-4210U CPU @ 1.70GHz, 4 cores, 3G,  Windows 10 , 64 bit Build 19041 (10.0.19041.3031)
Time: Sat Sep 23 13:27:12 2023 SE Asia Standard Time elapsed time: 0 seconds (0d 0h 0m 0s)

---------------  T H R E A D  ---------------

Current thread (0x0000026f495ec000):  JavaThread "Unknown thread" [_thread_in_vm, id=9984, stack(0x00000099fd300000,0x00000099fd400000)]

Stack: [0x00000099fd300000,0x00000099fd400000]
Native frames: (J=compiled Java code, j=interpreted, Vv=VM code, C=native code)
V  [jvm.dll+0x63489a]
V  [jvm.dll+0x771f9f]
V  [jvm.dll+0x773648]
V  [jvm.dll+0x773d03]
V  [jvm.dll+0x25eba8]
V  [jvm.dll+0xb9bf4]
V  [jvm.dll+0x2f7c7d]
V  [jvm.dll+0x2f2119]
V  [jvm.dll+0x74b4f7]
V  [jvm.dll+0x74cc3f]
V  [jvm.dll+0x372609]
V  [jvm.dll+0x731b69]
V  [jvm.dll+0x3e1bad]
V  [jvm.dll+0x3e3e81]
C  [java.exe+0x3607]
C  [java.exe+0x1746c]
C  [KERNEL32.DLL+0x17614]
C  [ntdll.dll+0x526f1]


---------------  P R O C E S S  ---------------

Threads class SMR info:
_java_thread_list=0x0000026f47508620, length=0, elements={
}

Java Threads: ( => current thread )

Other Threads:
  0x0000026f49602000 GCTaskThread "GC Thread#0" [stack: 0x00000099fd400000,0x00000099fd500000] [id=12524]

[error occurred during error reporting (printing all threads), id 0xc0000005, EXCEPTION_ACCESS_VIOLATION (0xc0000005) at pc=0x00007ffebfc7c7c0]

VM state:not at safepoint (not fully initialized)

VM Mutex/Monitor currently owned by a thread:  ([mutex/lock_event])
[0x0000026f495e9b20] Heap_lock - owner thread: 0x0000026f495ec000

Heap address: 0x00000000c1600000, size: 1002 MB, Compressed Oops mode: Non-zero based: 0x00000000c1600000
Narrow klass base: 0x0000000000000000, Narrow klass shift: 0

GC Heap History (0 events):
No events

Deoptimization events (0 events):
No events

Classes redefined (0 events):
No events

Internal exceptions (0 events):
No events

Events (0 events):
No events


Dynamic libraries:
0x00007ff617630000 - 0x00007ff617675000 	C:\Users\WIN8\AppData\Local\jdk-11.0.2\bin\java.exe
0x00007fff010b0000 - 0x00007fff012a8000 	C:\WINDOWS\SYSTEM32\ntdll.dll
0x00007ffeff1b0000 - 0x00007ffeff26f000 	C:\WINDOWS\System32\KERNEL32.DLL
0x00007ffefe820000 - 0x00007ffefeb16000 	C:\WINDOWS\System32\KERNELBASE.dll
0x00007ffeff480000 - 0x00007ffeff61d000 	C:\WINDOWS\System32\USER32.dll
0x00007ffefed70000 - 0x00007ffefed92000 	C:\WINDOWS\System32\win32u.dll
0x00007ffeff860000 - 0x00007ffeff88c000 	C:\WINDOWS\System32\GDI32.dll
0x00007ffefee10000 - 0x00007ffefef25000 	C:\WINDOWS\System32\gdi32full.dll
0x00007ffefebd0000 - 0x00007ffefec6d000 	C:\WINDOWS\System32\msvcp_win.dll
0x00007ffefec70000 - 0x00007ffefed70000 	C:\WINDOWS\System32\ucrtbase.dll
0x00007ffef4b60000 - 0x00007ffef4dfa000 	C:\WINDOWS\WinSxS\amd64_microsoft.windows.common-controls_6595b64144ccf1df_6.0.19041.1110_none_60b5254171f9507e\COMCTL32.dll
0x00007ffeff110000 - 0x00007ffeff1ae000 	C:\WINDOWS\System32\msvcrt.dll
0x00007fff005b0000 - 0x00007fff005e0000 	C:\WINDOWS\System32\IMM32.DLL
0x00007ffef4020000 - 0x00007ffef4036000 	C:\Users\WIN8\AppData\Local\jdk-11.0.2\bin\vcruntime140.dll
0x00007ffee0330000 - 0x00007ffee03da000 	C:\Users\WIN8\AppData\Local\jdk-11.0.2\bin\msvcp140.dll
0x00007ffebf980000 - 0x00007ffec04a3000 	C:\Users\WIN8\AppData\Local\jdk-11.0.2\bin\server\jvm.dll
0x00007fff00a50000 - 0x00007fff00aff000 	C:\WINDOWS\System32\ADVAPI32.dll
0x00007ffeff6d0000 - 0x00007ffeff76c000 	C:\WINDOWS\System32\sechost.dll
0x00007ffeffb50000 - 0x00007ffeffc76000 	C:\WINDOWS\System32\RPCRT4.dll
0x00007ffeff770000 - 0x00007ffeff778000 	C:\WINDOWS\System32\PSAPI.DLL
0x00007ffef6eb0000 - 0x00007ffef6ed7000 	C:\WINDOWS\SYSTEM32\WINMM.dll
0x00007ffef6ee0000 - 0x00007ffef6eea000 	C:\WINDOWS\SYSTEM32\VERSION.dll
0x00007ffef3b30000 - 0x00007ffef3b39000 	C:\WINDOWS\SYSTEM32\WSOCK32.dll
0x00007fff00410000 - 0x00007fff0047b000 	C:\WINDOWS\System32\WS2_32.dll
0x00007ffefd020000 - 0x00007ffefd032000 	C:\WINDOWS\SYSTEM32\kernel.appcore.dll
0x00007ffef20e0000 - 0x00007ffef20f1000 	C:\Users\WIN8\AppData\Local\jdk-11.0.2\bin\verify.dll
0x00007ffeeb570000 - 0x00007ffeeb754000 	C:\WINDOWS\SYSTEM32\DBGHELP.DLL
0x00007ffeeb530000 - 0x00007ffeeb564000 	C:\WINDOWS\SYSTEM32\dbgcore.DLL
0x00007ffefe790000 - 0x00007ffefe812000 	C:\WINDOWS\System32\bcryptPrimitives.dll
0x00007ffee7220000 - 0x00007ffee7248000 	C:\Users\WIN8\AppData\Local\jdk-11.0.2\bin\java.dll
0x00007ffeefb40000 - 0x00007ffeefb56000 	C:\Users\WIN8\AppData\Local\jdk-11.0.2\bin\zip.dll
0x00007ffef3b20000 - 0x00007ffef3b2a000 	C:\Users\WIN8\AppData\Local\jdk-11.0.2\bin\jimage.dll

dbghelp: loaded successfully - version: 4.0.5 - missing functions: none
symbol engine: initialized successfully - sym options: 0x614 - pdb path: .;C:\Users\WIN8\AppData\Local\jdk-11.0.2\bin;C:\WINDOWS\SYSTEM32;C:\WINDOWS\WinSxS\amd64_microsoft.windows.common-controls_6595b64144ccf1df_6.0.19041.1110_none_60b5254171f9507e;C:\Users\WIN8\AppData\Local\jdk-11.0.2\bin\server

VM Arguments:
java_command: org.jetbrains.kotlin.cli.jvm.K2JVMCompiler @D:\ReactNative\Lab\AwesomeProject\node_modules\react-native-screens\android\build\20230923_16430241845389634650.compiler.options
java_class_path (initial): C:\Users\WIN8\.gradle\caches\modules-2\files-2.1\org.jetbrains.kotlin\kotlin-compiler-embeddable\1.6.21\97bdd5a752ce73b58ef16c17bc7f0ea2faff7a2e\kotlin-compiler-embeddable-1.6.21.jar;C:\Users\WIN8\.gradle\caches\modules-2\files-2.1\org.jetbrains.kotlin\kotlin-reflect\1.6.21\5dc3574d9b7bebfcb4ec6b10ada4aaa9e140bd0b\kotlin-reflect-1.6.21.jar;C:\Users\WIN8\.gradle\caches\modules-2\files-2.1\org.jetbrains.kotlin\kotlin-stdlib\1.6.21\11ef67f1900634fd951bad28c53ec957fabbe5b8\kotlin-stdlib-1.6.21.jar;C:\Users\WIN8\.gradle\caches\modules-2\files-2.1\org.jetbrains.kotlin\kotlin-script-runtime\1.6.21\99c6675100da5d6d5b1c5a1032f27f28008d101b\kotlin-script-runtime-1.6.21.jar;C:\Users\WIN8\.gradle\caches\modules-2\files-2.1\org.jetbrains.kotlin\kotlin-daemon-embeddable\1.6.21\46b78cf392e1c4f10854c3cadba44abb7b82250f\kotlin-daemon-embeddable-1.6.21.jar;C:\Users\WIN8\.gradle\caches\modules-2\files-2.1\org.jetbrains.intellij.deps\trove4j\1.0.20200330\3afb14d5f9ceb459d724e907a21145e8ff394f02\trove4j-1.0.20200330.jar;C:\Users\WIN8\.gradle\caches\modules-2\files-2.1\net.java.dev.jna\jna\5.6.0\330f2244e9030119ab3030fc3fededc86713d9cc\jna-5.6.0.jar;C:\Users\WIN8\.gradle\caches\modules-2\files-2.1\org.jetbrains.kotlin\kotlin-stdlib-common\1.6.21\5e5b55c26dbc80372a920aef60eb774b714559b8\kotlin-stdlib-common-1.6.21.jar;C:\Users\WIN8\.gradle\caches\modules-2\files-2.1\org.jetbrains\annotations\13.0\919f0dfe192fb4e063e7dacadee7f8bb9a2672a9\annotations-13.0.jar
Launcher Type: SUN_STANDARD

[Global flags]
     intx CICompilerCount                          = 3                                         {product} {ergonomic}
     uint ConcGCThreads                            = 1                                         {product} {ergonomic}
     uint G1ConcRefinementThreads                  = 4                                         {product} {ergonomic}
   size_t G1HeapRegionSize                         = 1048576                                   {product} {ergonomic}
    uintx GCDrainStackTargetSize                   = 64                                        {product} {ergonomic}
   size_t InitialHeapSize                          = 67108864                                  {product} {ergonomic}
   size_t MarkStackSize                            = 4194304                                   {product} {ergonomic}
   size_t MaxHeapSize                              = 1050673152                                {product} {ergonomic}
   size_t MinHeapDeltaBytes                        = 1048576                                   {product} {ergonomic}
    uintx NonNMethodCodeHeapSize                   = 5830092                                {pd product} {ergonomic}
    uintx NonProfiledCodeHeapSize                  = 122914074                              {pd product} {ergonomic}
    uintx ProfiledCodeHeapSize                     = 122914074                              {pd product} {ergonomic}
    uintx ReservedCodeCacheSize                    = 251658240                              {pd product} {ergonomic}
     bool SegmentedCodeCache                       = true                                      {product} {ergonomic}
     bool UseCompressedClassPointers               = true                                 {lp64_product} {ergonomic}
     bool UseCompressedOops                        = true                                 {lp64_product} {ergonomic}
     bool UseG1GC                                  = true                                      {product} {ergonomic}
     bool UseLargePagesIndividualAllocation        = false                                  {pd product} {ergonomic}

Logging:
Log output configuration:
 #0: stdout all=warning uptime,level,tags
 #1: stderr all=off uptime,level,tags

Environment Variables:
JAVA_HOME=C:\Users\WIN8\AppData\Local\jdk-11.0.2
CLASSPATH=D:\ReactNative\Lab\AwesomeProject\android\\gradle\wrapper\gradle-wrapper.jar
PATH=C:\Users\WIN8\AppData\Local\Temp\yarn--1695449437922-0.417238865598913;D:\ReactNative\Lab\AwesomeProject\node_modules\.bin;C:\Users\WIN8\AppData\Local\Yarn\Data\link\node_modules\.bin;C:\Users\WIN8\AppData\Local\Yarn\bin;D:\libexec\lib\node_modules\npm\bin\node-gyp-bin;D:\lib\node_modules\npm\bin\node-gyp-bin;D:\Nodejs\node_modules\npm\bin\node-gyp-bin;C:\Program Files\Common Files\Oracle\Java\javapath;C:\Program Files (x86)\Common Files\Oracle\Java\javapath;C:\Users\WIN8\AppData\Local\Programs\Python\Python38-32;C:\WINDOWS\System32\WindowsPowerShell\v1.0\;C:\Windows\System32;C:\Program Files\Java\jdk1.8.0_231\bin;C:\Program Files (x86)\scala\bin;D:\ProgramFiles\spark-2.4.4-bin-hadoop2.6\bin;C:\Program Files (x86)\Intel\iCLS Client\;C:\Program Files\Intel\iCLS Client\;C:\WINDOWS;C:\Program Files\Intel\Intel(R) Management Engine Components\DAL;C:\Program Files\Intel\Intel(R) Management Engine Components\IPT;C:\Program Files (x86)\Intel\Intel(R) Management Engine Components\DAL;C:\Program Files (x86)\Intel\Intel(R) Management Engine Components\IPT;C:\Program Files\Intel\WiFi\bin\;C:\Program Files\Common Files\Intel\WirelessCommon\;C:\Program Files\Git\cmd;D:\Visual studio Code\Microsoft VS Code\bin;D:\ProgramFiles\spark-2.4.4-bin-hadoop2.6\bin\bin;C:\Users\WIN8\AppData\Roaming\Microsoft\Windows\Start Menu\Programs\Python 3.8;C:\WINDOWS\system32;C:\WINDOWS\System32\Wbem;C:\WINDOWS\System32\OpenSSH\;C:\Users\WIN8\AppData\Roaming\npm;C:\Users\WIN8\AppData\Local\Microsoft\WindowsApps;C:\WINDOWS\system32;C:\WINDOWS;C:\WINDOWS\System32\Wbem;C:\WINDOWS\System32\WindowsPowerShell\v1.0\;C:\WINDOWS\System32\OpenSSH\;D:\Nodejs\;C:\Users\WIN8\AppData\Local\Android\Sdk\platform-tools;C:\Users\WIN8\AppData\Local\Android\Sdk\tools;C:\Users\WIN8\AppData\Local\jdk-11.0.2\bin;C:\Users\WIN8\AppData\Local\Programs\Python\Python38-32;C:\WINDOWS\System32\WindowsPowerShell\v1.0\;C:\Users\WIN8\AppData\Local\Microsoft\WindowsApps;D:\Visual studio Code\Microsoft VS Code\bin;C:\Users\WIN8\App
USERNAME=WIN8
OS=Windows_NT
PROCESSOR_IDENTIFIER=Intel64 Family 6 Model 69 Stepping 1, GenuineIntel



---------------  S Y S T E M  ---------------

OS: Windows 10 , 64 bit Build 19041 (10.0.19041.3031)

CPU:total 4 (initial active 4) (2 cores per cpu, 2 threads per core) family 6 model 69 stepping 1, cmov, cx8, fxsr, mmx, sse, sse2, sse3, ssse3, sse4.1, sse4.2, popcnt, avx, avx2, aes, clmul, erms, lzcnt, ht, tsc, tscinvbit, bmi1, bmi2, fma

Memory: 4k page, system-wide physical 4003M (431M free)
TotalPageFile size 8873M (AvailPageFile size 1M)
current process WorkingSet (physical memory assigned to process): 9M, peak: 9M
current process commit charge ("private bytes"): 47M, peak: 48M

vm_info: OpenJDK 64-Bit Server VM (11.0.2+9) for windows-amd64 JRE (11.0.2+9), built on Jan 18 2019 05:23:22 by "mach5one" with MS VC++ 15.5 (VS2017)

END.
